<?xml version="1.0" encoding="UTF-8"?>
<testsuite xmlns:xsi="http://www.w3.org/2001/XMLSchema-instance" xsi:noNamespaceSchemaLocation="https://maven.apache.org/surefire/maven-surefire-plugin/xsd/surefire-test-report-3.0.xsd" version="3.0" name="com.example.empproj.TodoAppApplicationTests" time="7.349" tests="1" errors="0" skipped="0" failures="0">
  <properties>
[...]
</properties>
  <testcase name="contextLoads" classname="com.example.empproj.TodoAppApplicationTests" time="1.756">
    <system-out><![CDATA[12:39:51.897 [main] INFO org.springframework.test.context.support.AnnotationConfigContextLoaderUtils -- Could not detect default configuration classes for test class [com.example.empproj.TodoAppApplicationTests]: TodoAppApplicationTests does not declare any static, non-private, non-final, nested classes annotated with @Configuration.
12:39:52.093 [main] INFO org.springframework.boot.test.context.SpringBootTestContextBootstrapper -- Found @SpringBootConfiguration com.example.empproj.TodoAppApplication for test class com.example.empproj.TodoAppApplicationTests

  .   ____          _            __ _ _
 /\\ / ___'_ __ _ _(_)_ __  __ _ \ \ \ \
( ( )\___ | '_ | '_| | '_ \/ _` | \ \ \ \
 \\/  ___)| |_)| | | | | || (_| |  ) ) ) )
  '  |____| .__|_| |_|_| |_\__, | / / / /
 =========|_|==============|___/=/_/_/_/
 :: Spring Boot ::                (v3.2.5)

2024-04-29T12:39:52.972+05:30  INFO 4496 --- [TodoApp] [           main] c.e.empproj.TodoAppApplicationTests      : Starting TodoAppApplicationTests using Java 17.0.9 with PID 4496 (started by mahap in C:\Users\mahap\git\SpringBoot_TodoApp\TodoApp)
2024-04-29T12:39:52.975+05:30  INFO 4496 --- [TodoApp] [           main] c.e.empproj.TodoAppApplicationTests      : No active profile set, falling back to 1 default profile: "default"
2024-04-29T12:39:54.152+05:30  INFO 4496 --- [TodoApp] [           main] .s.d.r.c.RepositoryConfigurationDelegate : Bootstrapping Spring Data MongoDB repositories in DEFAULT mode.
2024-04-29T12:39:54.260+05:30  INFO 4496 --- [TodoApp] [           main] .s.d.r.c.RepositoryConfigurationDelegate : Finished Spring Data repository scanning in 99 ms. Found 1 MongoDB repository interface.
2024-04-29T12:39:55.464+05:30  INFO 4496 --- [TodoApp] [           main] org.mongodb.driver.client                : MongoClient with metadata {"driver": {"name": "mongo-java-driver|sync|spring-boot", "version": "4.11.2"}, "os": {"type": "Windows", "name": "Windows 11", "architecture": "amd64", "version": "10.0"}, "platform": "Java/OpenLogic/17.0.9+9-adhoc..jdk17u"} created with settings MongoClientSettings{readPreference=primary, writeConcern=WriteConcern{w=majority, wTimeout=null ms, journal=null}, retryWrites=true, retryReads=true, readConcern=ReadConcern{level=null}, credential=MongoCredential{mechanism=null, userName='jegans', source='admin', password=<hidden>, mechanismProperties=<hidden>}, transportSettings=null, streamFactoryFactory=null, commandListeners=[], codecRegistry=ProvidersCodecRegistry{codecProviders=[ValueCodecProvider{}, BsonValueCodecProvider{}, DBRefCodecProvider{}, DBObjectCodecProvider{}, DocumentCodecProvider{}, CollectionCodecProvider{}, IterableCodecProvider{}, MapCodecProvider{}, GeoJsonCodecProvider{}, GridFSFileCodecProvider{}, Jsr310CodecProvider{}, JsonObjectCodecProvider{}, BsonCodecProvider{}, EnumCodecProvider{}, com.mongodb.client.model.mql.ExpressionCodecProvider@ffd4cba, com.mongodb.Jep395RecordCodecProvider@5f1483fd, com.mongodb.KotlinCodecProvider@670f2466]}, loggerSettings=LoggerSettings{maxDocumentLength=1000}, clusterSettings={hosts=[127.0.0.1:27017], srvHost=cluster0.tdvsydd.mongodb.net, srvServiceName=mongodb, mode=MULTIPLE, requiredClusterType=REPLICA_SET, requiredReplicaSetName='atlas-11nj2y-shard-0', serverSelector='null', clusterListeners='[]', serverSelectionTimeout='30000 ms', localThreshold='15 ms'}, socketSettings=SocketSettings{connectTimeoutMS=10000, readTimeoutMS=0, receiveBufferSize=0, proxySettings=ProxySettings{host=null, port=null, username=null, password=null}}, heartbeatSocketSettings=SocketSettings{connectTimeoutMS=10000, readTimeoutMS=10000, receiveBufferSize=0, proxySettings=ProxySettings{host=null, port=null, username=null, password=null}}, connectionPoolSettings=ConnectionPoolSettings{maxSize=100, minSize=0, maxWaitTimeMS=120000, maxConnectionLifeTimeMS=0, maxConnectionIdleTimeMS=0, maintenanceInitialDelayMS=0, maintenanceFrequencyMS=60000, connectionPoolListeners=[], maxConnecting=2}, serverSettings=ServerSettings{heartbeatFrequencyMS=10000, minHeartbeatFrequencyMS=500, serverListeners='[]', serverMonitorListeners='[]'}, sslSettings=SslSettings{enabled=true, invalidHostNameAllowed=false, context=null}, applicationName='null', compressorList=[], uuidRepresentation=JAVA_LEGACY, serverApi=null, autoEncryptionSettings=null, dnsClient=null, inetAddressResolver=null, contextProvider=null}
2024-04-29T12:39:55.488+05:30  INFO 4496 --- [TodoApp] [ydd.mongodb.net] org.mongodb.driver.cluster               : Adding discovered server ac-tb8bizg-shard-00-00.tdvsydd.mongodb.net:27017 to client view of cluster
2024-04-29T12:39:55.572+05:30  INFO 4496 --- [TodoApp] [ydd.mongodb.net] org.mongodb.driver.cluster               : Adding discovered server ac-tb8bizg-shard-00-01.tdvsydd.mongodb.net:27017 to client view of cluster
2024-04-29T12:39:55.578+05:30  INFO 4496 --- [TodoApp] [ydd.mongodb.net] org.mongodb.driver.cluster               : Adding discovered server ac-tb8bizg-shard-00-02.tdvsydd.mongodb.net:27017 to client view of cluster
2024-04-29T12:39:56.824+05:30  INFO 4496 --- [TodoApp] [ngodb.net:27017] org.mongodb.driver.cluster               : Monitor thread successfully connected to server with description ServerDescription{address=ac-tb8bizg-shard-00-01.tdvsydd.mongodb.net:27017, type=REPLICA_SET_PRIMARY, state=CONNECTED, ok=true, minWireVersion=0, maxWireVersion=21, maxDocumentSize=16777216, logicalSessionTimeoutMinutes=30, roundTripTimeNanos=664842000, setName='atlas-11nj2y-shard-0', canonicalAddress=ac-tb8bizg-shard-00-01.tdvsydd.mongodb.net:27017, hosts=[ac-tb8bizg-shard-00-00.tdvsydd.mongodb.net:27017, ac-tb8bizg-shard-00-01.tdvsydd.mongodb.net:27017, ac-tb8bizg-shard-00-02.tdvsydd.mongodb.net:27017], passives=[], arbiters=[], primary='ac-tb8bizg-shard-00-01.tdvsydd.mongodb.net:27017', tagSet=TagSet{[Tag{name='availabilityZone', value='aps1-az3'}, Tag{name='diskState', value='READY'}, Tag{name='nodeType', value='ELECTABLE'}, Tag{name='provider', value='AWS'}, Tag{name='region', value='AP_SOUTH_1'}, Tag{name='workloadType', value='OPERATIONAL'}]}, electionId=7fffffff000000000000003f, setVersion=41, topologyVersion=TopologyVersion{processId=662e317791f9dbc663242f34, counter=9}, lastWriteDate=Mon Apr 29 12:39:49 IST 2024, lastUpdateTimeNanos=954557877000}
2024-04-29T12:39:56.824+05:30  INFO 4496 --- [TodoApp] [ngodb.net:27017] org.mongodb.driver.cluster               : Monitor thread successfully connected to server with description ServerDescription{address=ac-tb8bizg-shard-00-00.tdvsydd.mongodb.net:27017, type=REPLICA_SET_SECONDARY, state=CONNECTED, ok=true, minWireVersion=0, maxWireVersion=21, maxDocumentSize=16777216, logicalSessionTimeoutMinutes=30, roundTripTimeNanos=664687200, setName='atlas-11nj2y-shard-0', canonicalAddress=ac-tb8bizg-shard-00-00.tdvsydd.mongodb.net:27017, hosts=[ac-tb8bizg-shard-00-00.tdvsydd.mongodb.net:27017, ac-tb8bizg-shard-00-01.tdvsydd.mongodb.net:27017, ac-tb8bizg-shard-00-02.tdvsydd.mongodb.net:27017], passives=[], arbiters=[], primary='ac-tb8bizg-shard-00-01.tdvsydd.mongodb.net:27017', tagSet=TagSet{[Tag{name='availabilityZone', value='aps1-az1'}, Tag{name='diskState', value='READY'}, Tag{name='nodeType', value='ELECTABLE'}, Tag{name='provider', value='AWS'}, Tag{name='region', value='AP_SOUTH_1'}, Tag{name='workloadType', value='OPERATIONAL'}]}, electionId=null, setVersion=41, topologyVersion=TopologyVersion{processId=662e32e926c3d819bb0f02cb, counter=5}, lastWriteDate=Mon Apr 29 12:39:49 IST 2024, lastUpdateTimeNanos=954557877000}
2024-04-29T12:39:56.825+05:30  INFO 4496 --- [TodoApp] [ngodb.net:27017] org.mongodb.driver.cluster               : Monitor thread successfully connected to server with description ServerDescription{address=ac-tb8bizg-shard-00-02.tdvsydd.mongodb.net:27017, type=REPLICA_SET_SECONDARY, state=CONNECTED, ok=true, minWireVersion=0, maxWireVersion=21, maxDocumentSize=16777216, logicalSessionTimeoutMinutes=30, roundTripTimeNanos=665039400, setName='atlas-11nj2y-shard-0', canonicalAddress=ac-tb8bizg-shard-00-02.tdvsydd.mongodb.net:27017, hosts=[ac-tb8bizg-shard-00-00.tdvsydd.mongodb.net:27017, ac-tb8bizg-shard-00-01.tdvsydd.mongodb.net:27017, ac-tb8bizg-shard-00-02.tdvsydd.mongodb.net:27017], passives=[], arbiters=[], primary='ac-tb8bizg-shard-00-01.tdvsydd.mongodb.net:27017', tagSet=TagSet{[Tag{name='availabilityZone', value='aps1-az2'}, Tag{name='diskState', value='READY'}, Tag{name='nodeType', value='ELECTABLE'}, Tag{name='provider', value='AWS'}, Tag{name='region', value='AP_SOUTH_1'}, Tag{name='workloadType', value='OPERATIONAL'}]}, electionId=null, setVersion=41, topologyVersion=TopologyVersion{processId=662e34f14c28dfde1bf48cf0, counter=5}, lastWriteDate=Mon Apr 29 12:39:49 IST 2024, lastUpdateTimeNanos=954558100600}
2024-04-29T12:39:56.833+05:30  INFO 4496 --- [TodoApp] [ngodb.net:27017] org.mongodb.driver.cluster               : Discovered replica set primary ac-tb8bizg-shard-00-01.tdvsydd.mongodb.net:27017 with max election id 7fffffff000000000000003f and max set version 41
2024-04-29T12:39:57.139+05:30  INFO 4496 --- [TodoApp] [           main] c.e.empproj.TodoAppApplicationTests      : Started TodoAppApplicationTests in 4.72 seconds (process running for 6.562)
]]></system-out>
  </testcase>
</testsuite>